<?xml version="1.0" encoding="UTF-8"?>
<!-- Generated by org.testng.reporters.JUnitXMLReporter -->
<testsuite hostname="Sangee_28" ignored="1" name="Default test" tests="2" failures="0" timestamp="03 Nov 2022 16:55:23 GMT" time="0.032" errors="0">
  <testcase name="test1" time="0.016" classname="org.test.D1Sample"/>
  <testcase name="test3" time="0.0" classname="org.test.D1Sample"/>
  <testcase name="test2" time="0.0" classname="org.test.D1Sample">
    <ignored/>
  </testcase> <!-- test2 -->
</testsuite> <!-- Default test -->
