<?xml version="1.0" encoding="UTF-8"?>
<testng-results skipped="0" failed="0" ignored="1" total="3" passed="2">
  <reporter-output>
  </reporter-output>
  <suite name="Default suite" duration-ms="32" started-at="2022-11-03T16:55:23Z" finished-at="2022-11-03T16:55:23Z">
    <groups>
    </groups>
    <test name="Default test" duration-ms="32" started-at="2022-11-03T16:55:23Z" finished-at="2022-11-03T16:55:23Z">
      <class name="org.test.D1Sample">
        <test-method status="PASS" signature="beforeClass()[pri:0, instance:org.test.D1Sample@53b32d7]" name="beforeClass" is-config="true" duration-ms="16" started-at="2022-11-03T16:55:23Z" finished-at="2022-11-03T16:55:23Z">
          <reporter-output>
          </reporter-output>
        </test-method> <!-- beforeClass -->
        <test-method status="PASS" signature="test1()[pri:-5, instance:org.test.D1Sample@53b32d7]" name="test1" duration-ms="16" started-at="2022-11-03T16:55:23Z" finished-at="2022-11-03T16:55:23Z">
          <reporter-output>
          </reporter-output>
        </test-method> <!-- test1 -->
        <test-method status="PASS" signature="beforeMethod()[pri:0, instance:org.test.D1Sample@53b32d7]" name="beforeMethod" is-config="true" duration-ms="0" started-at="2022-11-03T16:55:23Z" finished-at="2022-11-03T16:55:23Z">
          <reporter-output>
          </reporter-output>
        </test-method> <!-- beforeMethod -->
        <test-method status="PASS" signature="afterClass()[pri:0, instance:org.test.D1Sample@53b32d7]" name="afterClass" is-config="true" duration-ms="0" started-at="2022-11-03T16:55:23Z" finished-at="2022-11-03T16:55:23Z">
          <reporter-output>
          </reporter-output>
        </test-method> <!-- afterClass -->
        <test-method status="PASS" signature="test3()[pri:1, instance:org.test.D1Sample@53b32d7]" name="test3" duration-ms="0" started-at="2022-11-03T16:55:23Z" finished-at="2022-11-03T16:55:23Z">
          <reporter-output>
          </reporter-output>
        </test-method> <!-- test3 -->
        <test-method status="PASS" signature="beforeMethod()[pri:0, instance:org.test.D1Sample@53b32d7]" name="beforeMethod" is-config="true" duration-ms="0" started-at="2022-11-03T16:55:23Z" finished-at="2022-11-03T16:55:23Z">
          <reporter-output>
          </reporter-output>
        </test-method> <!-- beforeMethod -->
        <test-method status="PASS" signature="afterMethod()[pri:0, instance:org.test.D1Sample@53b32d7]" name="afterMethod" is-config="true" duration-ms="0" started-at="2022-11-03T16:55:23Z" finished-at="2022-11-03T16:55:23Z">
          <reporter-output>
          </reporter-output>
        </test-method> <!-- afterMethod -->
        <test-method status="PASS" signature="afterMethod()[pri:0, instance:org.test.D1Sample@53b32d7]" name="afterMethod" is-config="true" duration-ms="0" started-at="2022-11-03T16:55:23Z" finished-at="2022-11-03T16:55:23Z">
          <reporter-output>
          </reporter-output>
        </test-method> <!-- afterMethod -->
      </class> <!-- org.test.D1Sample -->
    </test> <!-- Default test -->
  </suite> <!-- Default suite -->
</testng-results>
